2021-10-01 23:23:31.361  INFO 3768 --- [main] com.example.newsapi.NewsapiApplication   : Starting NewsapiApplication using Java 16 on in-win with PID 3768 (D:\News Rest Api\build\classes\java\main started by 1 in D:\News Rest Api)
2021-10-01 23:23:31.363 DEBUG 3768 --- [main] com.example.newsapi.NewsapiApplication   : Running with Spring Boot v2.5.4, Spring v5.3.9
2021-10-01 23:23:31.363  INFO 3768 --- [main] com.example.newsapi.NewsapiApplication   : The following profiles are active: test
2021-10-01 23:23:31.812  INFO 3768 --- [main] .s.d.r.c.RepositoryConfigurationDelegate : Bootstrapping Spring Data JPA repositories in DEFAULT mode.
2021-10-01 23:23:31.849  INFO 3768 --- [main] .s.d.r.c.RepositoryConfigurationDelegate : Finished Spring Data repository scanning in 32 ms. Found 2 JPA repository interfaces.
2021-10-01 23:23:32.393  INFO 3768 --- [main] o.s.b.w.embedded.tomcat.TomcatWebServer  : Tomcat initialized with port(s): 8080 (http)
2021-10-01 23:23:32.398  INFO 3768 --- [main] o.apache.catalina.core.StandardService   : Starting service [Tomcat]
2021-10-01 23:23:32.399  INFO 3768 --- [main] org.apache.catalina.core.StandardEngine  : Starting Servlet engine: [Apache Tomcat/9.0.52]
2021-10-01 23:23:32.475  INFO 3768 --- [main] o.a.c.c.C.[Tomcat].[localhost].[/]       : Initializing Spring embedded WebApplicationContext
2021-10-01 23:23:32.475  INFO 3768 --- [main] w.s.c.ServletWebServerApplicationContext : Root WebApplicationContext: initialization completed in 1082 ms
2021-10-01 23:23:32.521  INFO 3768 --- [main] com.zaxxer.hikari.HikariDataSource       : HikariPool-1 - Starting...
2021-10-01 23:23:32.589  INFO 3768 --- [main] com.zaxxer.hikari.HikariDataSource       : HikariPool-1 - Start completed.
2021-10-01 23:23:32.593  INFO 3768 --- [main] o.s.b.a.h2.H2ConsoleAutoConfiguration    : H2 console available at '/h2-console'. Database available at 'jdbc:h2:mem:newsapi'
2021-10-01 23:23:33.366  INFO 3768 --- [main] j.LocalContainerEntityManagerFactoryBean : Initialized JPA EntityManagerFactory for persistence unit 'default'
2021-10-01 23:23:33.961  INFO 3768 --- [main] c.e.newsapi.config.TestDatasourceConfig  : DB connection for test - H2org.h2.Driverjdbc:h2:mem:newsapi
2021-10-01 23:23:34.043  WARN 3768 --- [main] JpaBaseConfiguration$JpaWebConfiguration : spring.jpa.open-in-view is enabled by default. Therefore, database queries may be performed during view rendering. Explicitly configure spring.jpa.open-in-view to disable this warning
2021-10-01 23:23:34.826  INFO 3768 --- [main] o.s.b.w.embedded.tomcat.TomcatWebServer  : Tomcat started on port(s): 8080 (http) with context path ''
2021-10-01 23:23:34.833  INFO 3768 --- [main] com.example.newsapi.NewsapiApplication   : Started NewsapiApplication in 3.768 seconds (JVM running for 4.261)
2021-10-01 23:24:07.876  INFO 11064 --- [main] com.example.newsapi.NewsapiApplication   : Starting NewsapiApplication using Java 16 on in-win with PID 11064 (D:\News Rest Api\build\classes\java\main started by 1 in D:\News Rest Api)
2021-10-01 23:24:07.878 DEBUG 11064 --- [main] com.example.newsapi.NewsapiApplication   : Running with Spring Boot v2.5.4, Spring v5.3.9
2021-10-01 23:24:07.878  INFO 11064 --- [main] com.example.newsapi.NewsapiApplication   : The following profiles are active: test
2021-10-01 23:24:08.364  INFO 11064 --- [main] .s.d.r.c.RepositoryConfigurationDelegate : Bootstrapping Spring Data JPA repositories in DEFAULT mode.
2021-10-01 23:24:08.406  INFO 11064 --- [main] .s.d.r.c.RepositoryConfigurationDelegate : Finished Spring Data repository scanning in 35 ms. Found 2 JPA repository interfaces.
2021-10-01 23:24:08.942  INFO 11064 --- [main] o.s.b.w.embedded.tomcat.TomcatWebServer  : Tomcat initialized with port(s): 8080 (http)
2021-10-01 23:24:08.947  INFO 11064 --- [main] o.apache.catalina.core.StandardService   : Starting service [Tomcat]
2021-10-01 23:24:08.948  INFO 11064 --- [main] org.apache.catalina.core.StandardEngine  : Starting Servlet engine: [Apache Tomcat/9.0.52]
2021-10-01 23:24:09.028  INFO 11064 --- [main] o.a.c.c.C.[Tomcat].[localhost].[/]       : Initializing Spring embedded WebApplicationContext
2021-10-01 23:24:09.028  INFO 11064 --- [main] w.s.c.ServletWebServerApplicationContext : Root WebApplicationContext: initialization completed in 1123 ms
2021-10-01 23:24:09.077  INFO 11064 --- [main] com.zaxxer.hikari.HikariDataSource       : HikariPool-1 - Starting...
2021-10-01 23:24:09.154  INFO 11064 --- [main] com.zaxxer.hikari.HikariDataSource       : HikariPool-1 - Start completed.
2021-10-01 23:24:09.159  INFO 11064 --- [main] o.s.b.a.h2.H2ConsoleAutoConfiguration    : H2 console available at '/h2-console'. Database available at 'jdbc:h2:mem:newsapi'
2021-10-01 23:24:09.905  INFO 11064 --- [main] j.LocalContainerEntityManagerFactoryBean : Initialized JPA EntityManagerFactory for persistence unit 'default'
2021-10-01 23:24:10.465  INFO 11064 --- [main] c.e.newsapi.config.TestDatasourceConfig  : DB connection for test - H2org.h2.Driverjdbc:h2:mem:newsapi
2021-10-01 23:24:10.549  WARN 11064 --- [main] JpaBaseConfiguration$JpaWebConfiguration : spring.jpa.open-in-view is enabled by default. Therefore, database queries may be performed during view rendering. Explicitly configure spring.jpa.open-in-view to disable this warning
2021-10-01 23:24:11.538  INFO 11064 --- [main] o.s.b.w.embedded.tomcat.TomcatWebServer  : Tomcat started on port(s): 8080 (http) with context path ''
2021-10-01 23:24:11.546  INFO 11064 --- [main] com.example.newsapi.NewsapiApplication   : Started NewsapiApplication in 4.018 seconds (JVM running for 4.474)
2021-10-01 23:24:39.566  INFO 11064 --- [http-nio-8080-exec-2] o.a.c.c.C.[Tomcat].[localhost].[/]       : Initializing Spring DispatcherServlet 'dispatcherServlet'
2021-10-01 23:24:39.566  INFO 11064 --- [http-nio-8080-exec-2] o.s.web.servlet.DispatcherServlet        : Initializing Servlet 'dispatcherServlet'
2021-10-01 23:24:39.567  INFO 11064 --- [http-nio-8080-exec-2] o.s.web.servlet.DispatcherServlet        : Completed initialization in 1 ms
2021-10-01 23:24:39.604  INFO 11064 --- [http-nio-8080-exec-2] c.e.newsapi.logging.LoggingHandler       : --- request information start --------
2021-10-01 23:24:39.604  INFO 11064 --- [http-nio-8080-exec-2] c.e.newsapi.logging.LoggingHandler       : requestURL : http://localhost:8080/news/1
2021-10-01 23:24:39.604  INFO 11064 --- [http-nio-8080-exec-2] c.e.newsapi.logging.LoggingHandler       : Method type: GET
2021-10-01 23:24:39.604  INFO 11064 --- [http-nio-8080-exec-2] c.e.newsapi.logging.LoggingHandler       : Controller : class com.example.newsapi.controller.NewsController
2021-10-01 23:24:39.605  INFO 11064 --- [http-nio-8080-exec-2] c.e.newsapi.logging.LoggingHandler       : Controller method :  getNewsById
2021-10-01 23:24:39.605  INFO 11064 --- [http-nio-8080-exec-2] c.e.newsapi.logging.LoggingHandler       : Arguments: ["1","Page request [number: 0, size 20, sort: UNSORTED]"]
2021-10-01 23:24:39.605  INFO 11064 --- [http-nio-8080-exec-2] c.e.newsapi.logging.LoggingHandler       : --- request information end --------
2021-10-01 23:24:39.609 DEBUG 11064 --- [http-nio-8080-exec-2] c.e.newsapi.logging.LoggingHandler       : Entering in Method :  getNewsCommentsById
2021-10-01 23:24:39.610 DEBUG 11064 --- [http-nio-8080-exec-2] c.e.newsapi.logging.LoggingHandler       : Class Name :  com.example.newsapi.service.NewsCommentsService
2021-10-01 23:24:39.610 DEBUG 11064 --- [http-nio-8080-exec-2] c.e.newsapi.logging.LoggingHandler       : Arguments :  [1, Page request [number: 0, size 20, sort: UNSORTED]]
2021-10-01 23:24:39.610 DEBUG 11064 --- [http-nio-8080-exec-2] c.e.newsapi.logging.LoggingHandler       : Target class : com.example.newsapi.service.NewsCommentsService
2021-10-01 23:24:39.655 DEBUG 11064 --- [http-nio-8080-exec-2] c.e.newsapi.logging.LoggingHandler       : Entering in Method :  findAllByNewsId
2021-10-01 23:24:39.655 DEBUG 11064 --- [http-nio-8080-exec-2] c.e.newsapi.logging.LoggingHandler       : Class Name :  com.example.newsapi.repository.CommentRepository
2021-10-01 23:24:39.655 DEBUG 11064 --- [http-nio-8080-exec-2] c.e.newsapi.logging.LoggingHandler       : Arguments :  [1]
2021-10-01 23:24:39.656 DEBUG 11064 --- [http-nio-8080-exec-2] c.e.newsapi.logging.LoggingHandler       : Target class : jdk.proxy2.$Proxy112
2021-10-01 23:24:39.735 DEBUG 11064 --- [http-nio-8080-exec-2] c.e.newsapi.logging.LoggingHandler       : Optional com.example.newsapi.repository.CommentRepository.findAllByNewsId(long) returned value : Optional[[Comment{id=1, date=2021-09-22, text='stay safe', username='jon21'}, Comment{id=2, date=2021-09-22, text='agree', username='lolsvc'}, Comment{id=3, date=2021-09-23, text='poor children', username='molj'}, Comment{id=4, date=2023-04-19, text='who watches it in 2023?', username='guyfromfuture'}]]
2021-10-01 23:24:39.884 DEBUG 11064 --- [http-nio-8080-exec-2] c.e.newsapi.logging.LoggingHandler       : NewsCommentsDTO com.example.newsapi.service.NewsCommentsService.getNewsCommentsById(long,Pageable) returned value : NewsCommentsDTO(id=1, date=2021-09-22, text=Children who do not get vaccinated will catch Covid-19 at some point because waning immunity means the virus will never stop circulating, Chris Whitty has said., title=Unvaccinated children will catch Covid, says Whitty, comments=Page 1 of 1 containing com.example.newsapi.dto.CommentDTO instances)
2021-10-01 23:24:39.885  INFO 11064 --- [http-nio-8080-exec-2] c.e.newsapi.logging.LoggingHandler       : --- response information start --------
2021-10-01 23:24:39.885  INFO 11064 --- [http-nio-8080-exec-2] c.e.newsapi.logging.LoggingHandler       : Response status code : 200
2021-10-01 23:24:39.916  INFO 11064 --- [http-nio-8080-exec-2] c.e.newsapi.logging.LoggingHandler       : Response body: {"date":[2021,9,22],"text":"Children who do not get vaccinated will catch Covid-19 at some point because waning immunity means the virus will never stop circulating, Chris Whitty has said.","title":"Unvaccinated children will catch Covid, says Whitty","comments":{"content":[{"date":[2021,9,22],"text":"stay safe","username":"jon21","links":[{"rel":"self","href":"http://localhost:8080/news/1/comments/1"},{"rel":"news","href":"http://localhost:8080/news/1"},{"rel":"comments","href":"http://localhost:8080/news/1/comments"}]},{"date":[2021,9,22],"text":"agree","username":"lolsvc","links":[{"rel":"self","href":"http://localhost:8080/news/1/comments/2"},{"rel":"news","href":"http://localhost:8080/news/1"},{"rel":"comments","href":"http://localhost:8080/news/1/comments"}]},{"date":[2021,9,23],"text":"poor children","username":"molj","links":[{"rel":"self","href":"http://localhost:8080/news/1/comments/3"},{"rel":"news","href":"http://localhost:8080/news/1"},{"rel":"comments","href":"http://localhost:8080/news/1/comments"}]},{"date":[2023,4,19],"text":"who watches it in 2023?","username":"guyfromfuture","links":[{"rel":"self","href":"http://localhost:8080/news/1/comments/4"},{"rel":"news","href":"http://localhost:8080/news/1"},{"rel":"comments","href":"http://localhost:8080/news/1/comments"}]}],"pageable":{"sort":{"sorted":false,"unsorted":true,"empty":true},"offset":0,"pageSize":20,"pageNumber":0,"paged":true,"unpaged":false},"last":true,"totalPages":1,"totalElements":4,"size":20,"number":0,"sort":{"sorted":false,"unsorted":true,"empty":true},"first":true,"numberOfElements":4,"empty":false},"links":[{"rel":"self","href":"http://localhost:8080/news/1"},{"rel":"comments","href":"http://localhost:8080/news/1/comments"},{"rel":"news","href":"http://localhost:8080/news"}]}
2021-10-01 23:24:39.916  INFO 11064 --- [http-nio-8080-exec-2] c.e.newsapi.logging.LoggingHandler       : --- response information end --------
2021-10-01 23:25:17.159  INFO 2784 --- [main] com.example.newsapi.NewsapiApplication   : Starting NewsapiApplication using Java 16 on in-win with PID 2784 (D:\News Rest Api\build\classes\java\main started by 1 in D:\News Rest Api)
2021-10-01 23:25:17.161 DEBUG 2784 --- [main] com.example.newsapi.NewsapiApplication   : Running with Spring Boot v2.5.4, Spring v5.3.9
2021-10-01 23:25:17.161  INFO 2784 --- [main] com.example.newsapi.NewsapiApplication   : The following profiles are active: test
2021-10-01 23:25:17.599  INFO 2784 --- [main] .s.d.r.c.RepositoryConfigurationDelegate : Bootstrapping Spring Data JPA repositories in DEFAULT mode.
2021-10-01 23:25:17.639  INFO 2784 --- [main] .s.d.r.c.RepositoryConfigurationDelegate : Finished Spring Data repository scanning in 35 ms. Found 2 JPA repository interfaces.
2021-10-01 23:25:18.179  INFO 2784 --- [main] o.s.b.w.embedded.tomcat.TomcatWebServer  : Tomcat initialized with port(s): 8080 (http)
2021-10-01 23:25:18.185  INFO 2784 --- [main] o.apache.catalina.core.StandardService   : Starting service [Tomcat]
2021-10-01 23:25:18.185  INFO 2784 --- [main] org.apache.catalina.core.StandardEngine  : Starting Servlet engine: [Apache Tomcat/9.0.52]
2021-10-01 23:25:18.263  INFO 2784 --- [main] o.a.c.c.C.[Tomcat].[localhost].[/]       : Initializing Spring embedded WebApplicationContext
2021-10-01 23:25:18.263  INFO 2784 --- [main] w.s.c.ServletWebServerApplicationContext : Root WebApplicationContext: initialization completed in 1075 ms
2021-10-01 23:25:18.311  INFO 2784 --- [main] com.zaxxer.hikari.HikariDataSource       : HikariPool-1 - Starting...
2021-10-01 23:25:18.380  INFO 2784 --- [main] com.zaxxer.hikari.HikariDataSource       : HikariPool-1 - Start completed.
2021-10-01 23:25:18.384  INFO 2784 --- [main] o.s.b.a.h2.H2ConsoleAutoConfiguration    : H2 console available at '/h2-console'. Database available at 'jdbc:h2:mem:newsapi'
2021-10-01 23:25:19.079  INFO 2784 --- [main] j.LocalContainerEntityManagerFactoryBean : Initialized JPA EntityManagerFactory for persistence unit 'default'
2021-10-01 23:25:19.610  INFO 2784 --- [main] c.e.newsapi.config.TestDatasourceConfig  : DB connection for test - H2org.h2.Driverjdbc:h2:mem:newsapi
2021-10-01 23:25:19.686  WARN 2784 --- [main] JpaBaseConfiguration$JpaWebConfiguration : spring.jpa.open-in-view is enabled by default. Therefore, database queries may be performed during view rendering. Explicitly configure spring.jpa.open-in-view to disable this warning
2021-10-01 23:25:20.447  INFO 2784 --- [main] o.s.b.w.embedded.tomcat.TomcatWebServer  : Tomcat started on port(s): 8080 (http) with context path ''
2021-10-01 23:25:20.459  INFO 2784 --- [main] com.example.newsapi.NewsapiApplication   : Started NewsapiApplication in 3.608 seconds (JVM running for 4.065)
2021-10-01 23:25:49.141  INFO 2784 --- [http-nio-8080-exec-2] o.a.c.c.C.[Tomcat].[localhost].[/]       : Initializing Spring DispatcherServlet 'dispatcherServlet'
2021-10-01 23:25:49.142  INFO 2784 --- [http-nio-8080-exec-2] o.s.web.servlet.DispatcherServlet        : Initializing Servlet 'dispatcherServlet'
2021-10-01 23:25:49.143  INFO 2784 --- [http-nio-8080-exec-2] o.s.web.servlet.DispatcherServlet        : Completed initialization in 1 ms
2021-10-01 23:25:49.176  INFO 2784 --- [http-nio-8080-exec-2] c.e.newsapi.logging.LoggingHandler       : --- request information start --------
2021-10-01 23:25:49.176  INFO 2784 --- [http-nio-8080-exec-2] c.e.newsapi.logging.LoggingHandler       : requestURL : http://localhost:8080/news
2021-10-01 23:25:49.176  INFO 2784 --- [http-nio-8080-exec-2] c.e.newsapi.logging.LoggingHandler       : Method type: GET
2021-10-01 23:25:49.176  INFO 2784 --- [http-nio-8080-exec-2] c.e.newsapi.logging.LoggingHandler       : Controller : class com.example.newsapi.controller.NewsController
2021-10-01 23:25:49.177  INFO 2784 --- [http-nio-8080-exec-2] c.e.newsapi.logging.LoggingHandler       : Controller method :  getAllNews
2021-10-01 23:25:49.177  INFO 2784 --- [http-nio-8080-exec-2] c.e.newsapi.logging.LoggingHandler       : Arguments: ["Conjunction [innerSpecs=[EmptyResultOnTypeMismatch [wrappedSpec=Equal [expectedValue=2021-09-22, converter=Converter [dateFormat=null, onTypeMismatch=EMPTY_RESULT], path=date]]]]","Page request [number: 0, size 20, sort: UNSORTED]"]
2021-10-01 23:25:49.177  INFO 2784 --- [http-nio-8080-exec-2] c.e.newsapi.logging.LoggingHandler       : --- request information end --------
2021-10-01 23:25:49.180 DEBUG 2784 --- [http-nio-8080-exec-2] c.e.newsapi.logging.LoggingHandler       : Entering in Method :  getAllNews
2021-10-01 23:25:49.180 DEBUG 2784 --- [http-nio-8080-exec-2] c.e.newsapi.logging.LoggingHandler       : Class Name :  com.example.newsapi.service.NewsService
2021-10-01 23:25:49.181 DEBUG 2784 --- [http-nio-8080-exec-2] c.e.newsapi.logging.LoggingHandler       : Arguments :  [Conjunction [innerSpecs=[EmptyResultOnTypeMismatch [wrappedSpec=Equal [expectedValue=2021-09-22, converter=Converter [dateFormat=null, onTypeMismatch=EMPTY_RESULT], path=date]]]], Page request [number: 0, size 20, sort: UNSORTED]]
2021-10-01 23:25:49.181 DEBUG 2784 --- [http-nio-8080-exec-2] c.e.newsapi.logging.LoggingHandler       : Target class : com.example.newsapi.service.NewsService
2021-10-01 23:25:49.184 DEBUG 2784 --- [http-nio-8080-exec-2] c.e.newsapi.logging.LoggingHandler       : Entering in Method :  findAll
2021-10-01 23:25:49.185 DEBUG 2784 --- [http-nio-8080-exec-2] c.e.newsapi.logging.LoggingHandler       : Class Name :  com.example.newsapi.repository.NewsRepository
2021-10-01 23:25:49.185 DEBUG 2784 --- [http-nio-8080-exec-2] c.e.newsapi.logging.LoggingHandler       : Arguments :  [Conjunction [innerSpecs=[EmptyResultOnTypeMismatch [wrappedSpec=Equal [expectedValue=2021-09-22, converter=Converter [dateFormat=null, onTypeMismatch=EMPTY_RESULT], path=date]]]], Page request [number: 0, size 20, sort: UNSORTED]]
2021-10-01 23:25:49.185 DEBUG 2784 --- [http-nio-8080-exec-2] c.e.newsapi.logging.LoggingHandler       : Target class : jdk.proxy2.$Proxy113
2021-10-01 23:25:49.264 DEBUG 2784 --- [http-nio-8080-exec-2] c.e.newsapi.logging.LoggingHandler       : Page com.example.newsapi.repository.NewsRepository.findAll(Specification,Pageable) returned value : Page 1 of 1 containing com.example.newsapi.entity.News instances
2021-10-01 23:25:49.358 DEBUG 2784 --- [http-nio-8080-exec-2] c.e.newsapi.logging.LoggingHandler       : PagedModel com.example.newsapi.service.NewsService.getAllNews(Specification,Pageable) returned value : PagedModel { content: [NewsDTO(id=1, date=2021-09-22, text=Children who do not get vaccinated will catch Covid-19 at some point because waning immunity means the virus will never stop circulating, Chris Whitty has said., title=Unvaccinated children will catch Covid, says Whitty), NewsDTO(id=6, date=2021-09-22, text=French firm Sorare, which sells football trading cards in the form of non-fungible tokens (NFTs), has raised $680m (£498m)., title=NFT-based fantasy football card firm raises $680m), NewsDTO(id=7, date=2021-09-22, text=The US is to donate 500 million more doses of the Pfizer vaccine to developing nations from next year. President Joe Biden made the pledge at a virtual Covid-19 summit on the sidelines of the UN General Assembly, promising an "arsenal of vaccines". The additional jabs will see the total US commitment on vaccine sharing exceed one billion jabs., title=US will be ‘arsenal of vaccines’ to world - Biden)], metadata: Metadata { number: 0, total pages: 1, total elements: 3, size: 20 }, links: <http://localhost:8080/news?date=2021-09-22&page=0&size=20>;rel="self" }
2021-10-01 23:25:49.358  INFO 2784 --- [http-nio-8080-exec-2] c.e.newsapi.logging.LoggingHandler       : --- response information start --------
2021-10-01 23:25:49.359  INFO 2784 --- [http-nio-8080-exec-2] c.e.newsapi.logging.LoggingHandler       : Response status code : 200
2021-10-01 23:25:49.387  INFO 2784 --- [http-nio-8080-exec-2] c.e.newsapi.logging.LoggingHandler       : Response body: {"links":[{"rel":"self","href":"http://localhost:8080/news?date=2021-09-22&page=0&size=20"}],"content":[{"date":[2021,9,22],"text":"Children who do not get vaccinated will catch Covid-19 at some point because waning immunity means the virus will never stop circulating, Chris Whitty has said.","title":"Unvaccinated children will catch Covid, says Whitty","links":[{"rel":"self","href":"http://localhost:8080/news/1"},{"rel":"comments","href":"http://localhost:8080/news/1/comments"},{"rel":"news","href":"http://localhost:8080/news"}]},{"date":[2021,9,22],"text":"French firm Sorare, which sells football trading cards in the form of non-fungible tokens (NFTs), has raised $680m (£498m).","title":"NFT-based fantasy football card firm raises $680m","links":[{"rel":"self","href":"http://localhost:8080/news/6"},{"rel":"comments","href":"http://localhost:8080/news/6/comments"},{"rel":"news","href":"http://localhost:8080/news"}]},{"date":[2021,9,22],"text":"The US is to donate 500 million more doses of the Pfizer vaccine to developing nations from next year. President Joe Biden made the pledge at a virtual Covid-19 summit on the sidelines of the UN General Assembly, promising an \"arsenal of vaccines\". The additional jabs will see the total US commitment on vaccine sharing exceed one billion jabs.","title":"US will be ‘arsenal of vaccines’ to world - Biden","links":[{"rel":"self","href":"http://localhost:8080/news/7"},{"rel":"comments","href":"http://localhost:8080/news/7/comments"},{"rel":"news","href":"http://localhost:8080/news"}]}],"page":{"size":20,"totalElements":3,"totalPages":1,"number":0}}
2021-10-01 23:25:49.388  INFO 2784 --- [http-nio-8080-exec-2] c.e.newsapi.logging.LoggingHandler       : --- response information end --------
